#
# There is insufficient memory for the Java Runtime Environment to continue.
# Native memory allocation (mmap) failed to map 4294967296 bytes for G1 virtual space
# Possible reasons:
#   The system is out of physical RAM or swap space
#   The process is running with CompressedOops enabled, and the Java Heap may be blocking the growth of the native heap
# Possible solutions:
#   Reduce memory load on the system
#   Increase physical memory or swap space
#   Check if swap backing store is full
#   Decrease Java heap size (-Xmx/-Xms)
#   Decrease number of Java threads
#   Decrease Java thread stack sizes (-Xss)
#   Set larger code cache with -XX:ReservedCodeCacheSize=
#   JVM is running with Zero Based Compressed Oops mode in which the Java heap is
#     placed in the first 32GB address space. The Java Heap base address is the
#     maximum limit for the native heap growth. Please use -XX:HeapBaseMinAddress
#     to set the Java Heap base and to place the Java Heap above 32GB virtual address.
# This output file may be truncated or incomplete.
#
#  Out of Memory Error (os_windows.cpp:3548), pid=9160, tid=804
#
# JRE version:  (17.0.11+7) (build )
# Java VM: Java HotSpot(TM) 64-Bit Server VM (17.0.11+7-LTS-207, mixed mode, sharing, tiered, compressed oops, compressed class ptrs, g1 gc, windows-amd64)
# Core dump will be written. Default location: C:\Users\Administrator\Desktop\servak blyat\Paper\hs_err_pid9160.mdmp
#

---------------  S U M M A R Y ------------

Command Line: -Xmx4096M -Xms4096M -XX:+AlwaysPreTouch -XX:+ParallelRefProcEnabled -XX:+UnlockExperimentalVMOptions -XX:+UseG1GC -XX:G1HeapRegionSize=4M -XX:MaxInlineLevel=15 paper-1.20.4-485.jar

Host: Intel(R) Xeon(R) Platinum 8175M CPU @ 2.50GHz, 2 cores, 7G,  Windows Server 2022 , 64 bit Build 20348 (10.0.20348.2340)
Time: Sun Apr 21 21:09:59 2024 Coordinated Universal Time elapsed time: 0.113098 seconds (0d 0h 0m 0s)

---------------  T H R E A D  ---------------

Current thread (0x000002285d321380):  JavaThread "Unknown thread" [_thread_in_vm, id=804, stack(0x0000005e02c00000,0x0000005e02d00000)]

Stack: [0x0000005e02c00000,0x0000005e02d00000]
Native frames: (J=compiled Java code, j=interpreted, Vv=VM code, C=native code)
V  [jvm.dll+0x679cca]
V  [jvm.dll+0x7da13d]
V  [jvm.dll+0x7dba83]
V  [jvm.dll+0x7dc0f3]
V  [jvm.dll+0x2449af]
V  [jvm.dll+0x676ce9]
V  [jvm.dll+0x66b852]
V  [jvm.dll+0x3018d6]
V  [jvm.dll+0x308e76]
V  [jvm.dll+0x3596ee]
V  [jvm.dll+0x35991f]
V  [jvm.dll+0x2d89a8]
V  [jvm.dll+0x2d9914]
V  [jvm.dll+0x7ac6b1]
V  [jvm.dll+0x366f61]
V  [jvm.dll+0x78b609]
V  [jvm.dll+0x3ec22f]
V  [jvm.dll+0x3ede61]
C  [jli.dll+0x5297]
C  [ucrtbase.dll+0x26b4c]
C  [KERNEL32.DLL+0x14cb0]
C  [ntdll.dll+0x7e8ab]


---------------  P R O C E S S  ---------------

Threads class SMR info:
_java_thread_list=0x00007ffd106d7a18, length=0, elements={
}

Java Threads: ( => current thread )

Other Threads:
  0x000002285d387de0 GCTaskThread "GC Thread#0" [stack: 0x0000005e02d00000,0x0000005e02e00000] [id=32]
  0x000002285d390d30 ConcurrentGCThread "G1 Main Marker" [stack: 0x0000005e02e00000,0x0000005e02f00000] [id=7540]
  0x000002285d391ee0 ConcurrentGCThread "G1 Conc#0" [stack: 0x0000005e02f00000,0x0000005e03000000] [id=7708]

[error occurred during error reporting (printing all threads), id 0xc0000005, EXCEPTION_ACCESS_VIOLATION (0xc0000005) at pc=0x00007ffd0ff09497]

VM state: not at safepoint (not fully initialized)

VM Mutex/Monitor currently owned by a thread:  ([mutex/lock_event])
[0x000002285d31e810] Heap_lock - owner thread: 0x000002285d321380

Heap address: 0x0000000700000000, size: 4096 MB, Compressed Oops mode: Zero based, Oop shift amount: 3

CDS archive(s) mapped at: [0x0000000000000000-0x0000000000000000-0x0000000000000000), size 0, SharedBaseAddress: 0x0000000800000000, ArchiveRelocationMode: 1.
Narrow klass base: 0x0000000000000000, Narrow klass shift: 0, Narrow klass range: 0x0

GC Precious Log:
<Empty>

Heap:
 garbage-first heap   total 0K, used 0K [0x0000000700000000, 0x0000000800000000)
  region size 4096K, 0 young (0K), 0 survivors (0K)

[error occurred during error reporting (printing heap information), id 0xc0000005, EXCEPTION_ACCESS_VIOLATION (0xc0000005) at pc=0x00007ffd102f3559]

GC Heap History (0 events):
No events

Deoptimization events (0 events):
No events

Classes unloaded (0 events):
No events

Classes redefined (0 events):
No events

Internal exceptions (0 events):
No events

VM Operations (0 events):
No events

Events (1 events):
Event: 0.025 Loaded shared library C:\Program Files\Java\jdk-17\bin\java.dll


Dynamic libraries:
0x00007ff62eb80000 - 0x00007ff62eb90000 	C:\Program Files\Java\jdk-17\bin\java.exe
0x00007ffd22780000 - 0x00007ffd22981000 	C:\Windows\SYSTEM32\ntdll.dll
0x00007ffd21400000 - 0x00007ffd214bc000 	C:\Windows\System32\KERNEL32.DLL
0x00007ffd201c0000 - 0x00007ffd2052f000 	C:\Windows\System32\KERNELBASE.dll
0x00007ffd200b0000 - 0x00007ffd201c0000 	C:\Windows\System32\ucrtbase.dll
0x00007ffd10890000 - 0x00007ffd108a9000 	C:\Program Files\Java\jdk-17\bin\jli.dll
0x00007ffd21600000 - 0x00007ffd216b1000 	C:\Windows\System32\ADVAPI32.dll
0x00007ffd21350000 - 0x00007ffd213f3000 	C:\Windows\System32\msvcrt.dll
0x00007ffd22690000 - 0x00007ffd22732000 	C:\Windows\System32\sechost.dll
0x00007ffd20560000 - 0x00007ffd20587000 	C:\Windows\System32\bcrypt.dll
0x00007ffd21ac0000 - 0x00007ffd21bdf000 	C:\Windows\System32\RPCRT4.dll
0x00007ffd216e0000 - 0x00007ffd21885000 	C:\Windows\System32\USER32.dll
0x00007ffd20530000 - 0x00007ffd20556000 	C:\Windows\System32\win32u.dll
0x00007ffd22210000 - 0x00007ffd2223b000 	C:\Windows\System32\GDI32.dll
0x00007ffd1ff20000 - 0x00007ffd2003b000 	C:\Windows\System32\gdi32full.dll
0x00007ffd20590000 - 0x00007ffd20630000 	C:\Windows\System32\msvcp_win.dll
0x00007ffd108b0000 - 0x00007ffd108cb000 	C:\Program Files\Java\jdk-17\bin\VCRUNTIME140.dll
0x00007ffd0a8a0000 - 0x00007ffd0ab44000 	C:\Windows\WinSxS\amd64_microsoft.windows.common-controls_6595b64144ccf1df_6.0.20348.2110_none_947450d7eef395fd\COMCTL32.dll
0x00007ffd16de0000 - 0x00007ffd16dea000 	C:\Windows\SYSTEM32\VERSION.dll
0x00007ffd206c0000 - 0x00007ffd206f1000 	C:\Windows\System32\IMM32.DLL
0x00007ffd11f00000 - 0x00007ffd11f0c000 	C:\Program Files\Java\jdk-17\bin\vcruntime140_1.dll
0x00007ffd10800000 - 0x00007ffd1088e000 	C:\Program Files\Java\jdk-17\bin\msvcp140.dll
0x00007ffd0fc20000 - 0x00007ffd10800000 	C:\Program Files\Java\jdk-17\bin\server\jvm.dll
0x00007ffd216d0000 - 0x00007ffd216d8000 	C:\Windows\System32\PSAPI.DLL
0x00007ffd11330000 - 0x00007ffd11339000 	C:\Windows\SYSTEM32\WSOCK32.dll
0x00007ffd22030000 - 0x00007ffd220a1000 	C:\Windows\System32\WS2_32.dll
0x00007ffd14d10000 - 0x00007ffd14d37000 	C:\Windows\SYSTEM32\WINMM.dll
0x00007ffd1e6b0000 - 0x00007ffd1e6c7000 	C:\Windows\SYSTEM32\kernel.appcore.dll
0x00007ffd0fc10000 - 0x00007ffd0fc1a000 	C:\Program Files\Java\jdk-17\bin\jimage.dll
0x00007ffd0cd00000 - 0x00007ffd0cf12000 	C:\Windows\SYSTEM32\DBGHELP.DLL
0x00007ffd0fbc0000 - 0x00007ffd0fbf0000 	C:\Windows\SYSTEM32\dbgcore.DLL
0x00007ffd20630000 - 0x00007ffd206af000 	C:\Windows\System32\bcryptPrimitives.dll
0x00007ffd0fb90000 - 0x00007ffd0fbb5000 	C:\Program Files\Java\jdk-17\bin\java.dll

dbghelp: loaded successfully - version: 4.0.5 - missing functions: none
symbol engine: initialized successfully - sym options: 0x614 - pdb path: .;C:\Program Files\Java\jdk-17\bin;C:\Windows\SYSTEM32;C:\Windows\WinSxS\amd64_microsoft.windows.common-controls_6595b64144ccf1df_6.0.20348.2110_none_947450d7eef395fd;C:\Program Files\Java\jdk-17\bin\server

VM Arguments:
jvm_args: -Xmx4096M -Xms4096M -XX:+AlwaysPreTouch -XX:+ParallelRefProcEnabled -XX:+UnlockExperimentalVMOptions -XX:+UseG1GC -XX:G1HeapRegionSize=4M -XX:MaxInlineLevel=15 
java_command: paper-1.20.4-485.jar
java_class_path (initial): paper-1.20.4-485.jar
Launcher Type: SUN_STANDARD

[Global flags]
     bool AlwaysPreTouch                           = true                                      {product} {command line}
     intx CICompilerCount                          = 2                                         {product} {ergonomic}
     uint ConcGCThreads                            = 1                                         {product} {ergonomic}
     uint G1ConcRefinementThreads                  = 2                                         {product} {ergonomic}
     uint G1EagerReclaimRemSetThreshold            = 32                                   {experimental} {ergonomic}
   size_t G1HeapRegionSize                         = 4194304                                   {product} {command line}
    uintx GCDrainStackTargetSize                   = 64                                        {product} {ergonomic}
   size_t InitialHeapSize                          = 4294967296                                {product} {command line}
   size_t MarkStackSize                            = 4194304                                   {product} {ergonomic}
   size_t MaxHeapSize                              = 4294967296                                {product} {command line}
     intx MaxInlineLevel                           = 15                                     {C2 product} {command line}
   size_t MinHeapDeltaBytes                        = 4194304                                   {product} {ergonomic}
   size_t MinHeapSize                              = 4294967296                                {product} {command line}
    uintx NonNMethodCodeHeapSize                   = 5826188                                {pd product} {ergonomic}
    uintx NonProfiledCodeHeapSize                  = 122916026                              {pd product} {ergonomic}
     bool ParallelRefProcEnabled                   = true                                      {product} {command line}
    uintx ProfiledCodeHeapSize                     = 122916026                              {pd product} {ergonomic}
    uintx ReservedCodeCacheSize                    = 251658240                              {pd product} {ergonomic}
     bool SegmentedCodeCache                       = true                                      {product} {ergonomic}
   size_t SoftMaxHeapSize                          = 4294967296                             {manageable} {ergonomic}
     bool UnlockExperimentalVMOptions              = true                                 {experimental} {command line}
     bool UseCompressedClassPointers               = true                           {product lp64_product} {ergonomic}
     bool UseCompressedOops                        = true                           {product lp64_product} {ergonomic}
     bool UseFastUnorderedTimeStamps               = true                                 {experimental} {ergonomic}
     bool UseG1GC                                  = true                                      {product} {command line}
     bool UseLargePagesIndividualAllocation        = false                                  {pd product} {ergonomic}

Logging:
Log output configuration:
 #0: stdout all=warning uptime,level,tags
 #1: stderr all=off uptime,level,tags

Environment Variables:
PATH=C:\Program Files\Common Files\Oracle\Java\javapath;C:\Windows\system32;C:\Windows;C:\Windows\System32\Wbem;C:\Windows\System32\WindowsPowerShell\v1.0\;C:\Windows\System32\OpenSSH\;C:\Program Files\Amazon\cfn-bootstrap\;C:\Users\Administrator\AppData\Local\Microsoft\WindowsApps;
USERNAME=Administrator
OS=Windows_NT
PROCESSOR_IDENTIFIER=Intel64 Family 6 Model 85 Stepping 4, GenuineIntel



---------------  S Y S T E M  ---------------

OS:
 Windows Server 2022 , 64 bit Build 20348 (10.0.20348.2340)
OS uptime: 3 days 22:02 hours
KVM virtualization detected

CPU: total 2 (initial active 2) (1 cores per cpu, 2 threads per core) family 6 model 85 stepping 4 microcode 0x2007006, cx8, cmov, fxsr, ht, mmx, 3dnowpref, sse, sse2, sse3, ssse3, sse4.1, sse4.2, popcnt, lzcnt, tsc, tscinvbit, avx, avx2, aes, erms, clmul, bmi1, bmi2, adx, fma, vzeroupper, clflush, clflushopt, clwb, hv

Memory: 4k page, system-wide physical 8089M (379M free)
TotalPageFile size 11889M (AvailPageFile size 393M)
current process WorkingSet (physical memory assigned to process): 18M, peak: 18M
current process commit charge ("private bytes"): 47M, peak: 4143M

vm_info: Java HotSpot(TM) 64-Bit Server VM (17.0.11+7-LTS-207) for windows-amd64 JRE (17.0.11+7-LTS-207), built on Mar 11 2024 19:01:50 by "mach5one" with MS VC++ 17.6 (VS2022)

END.
