[01:54:21] [ServerMain/INFO]: Environment: Environment[sessionHost=https://sessionserver.mojang.com, servicesHost=https://api.minecraftservices.com, name=PROD]
[01:54:26] [ServerMain/INFO]: Loaded 1174 recipes
[01:54:26] [ServerMain/INFO]: Loaded 1271 advancements
[01:54:28] [AWT-EventQueue-0/INFO]: [STDERR]: java.lang.NullPointerException: Cannot invoke "org.bukkit.Server.getTPS()" because "org.bukkit.Bukkit.server" is null
[01:54:28] [AWT-EventQueue-0/INFO]: [STDERR]: 	at org.bukkit.Bukkit.getTPS(Bukkit.java:2357)
[01:54:28] [AWT-EventQueue-0/INFO]: [STDERR]: 	at com.destroystokyo.paper.gui.RAMDetails.update(RAMDetails.java:62)
[01:54:28] [AWT-EventQueue-0/INFO]: [STDERR]: 	at com.destroystokyo.paper.gui.GuiStatsComponent.lambda$new$0(GuiStatsComponent.java:27)
[01:54:28] [AWT-EventQueue-0/INFO]: [STDERR]: 	at java.desktop/javax.swing.Timer.fireActionPerformed(Timer.java:311)
[01:54:28] [AWT-EventQueue-0/INFO]: [STDERR]: 	at java.desktop/javax.swing.Timer$DoPostEvent.run(Timer.java:243)
[01:54:28] [AWT-EventQueue-0/INFO]: [STDERR]: 	at java.desktop/java.awt.event.InvocationEvent.dispatch(InvocationEvent.java:318)
[01:54:28] [AWT-EventQueue-0/INFO]: [STDERR]: 	at java.desktop/java.awt.EventQueue.dispatchEventImpl(EventQueue.java:771)
[01:54:28] [AWT-EventQueue-0/INFO]: [STDERR]: 	at java.desktop/java.awt.EventQueue$4.run(EventQueue.java:722)
[01:54:28] [AWT-EventQueue-0/INFO]: [STDERR]: 	at java.desktop/java.awt.EventQueue$4.run(EventQueue.java:716)
[01:54:28] [AWT-EventQueue-0/INFO]: [STDERR]: 	at java.base/java.security.AccessController.doPrivileged(AccessController.java:399)
[01:54:28] [AWT-EventQueue-0/INFO]: [STDERR]: 	at java.base/java.security.ProtectionDomain$JavaSecurityAccessImpl.doIntersectionPrivilege(ProtectionDomain.java:86)
[01:54:28] [AWT-EventQueue-0/INFO]: [STDERR]: 	at java.desktop/java.awt.EventQueue.dispatchEvent(EventQueue.java:741)
[01:54:28] [AWT-EventQueue-0/INFO]: [STDERR]: 	at java.desktop/java.awt.EventDispatchThread.pumpOneEventForFilters(EventDispatchThread.java:203)
[01:54:28] [AWT-EventQueue-0/INFO]: [STDERR]: 	at java.desktop/java.awt.EventDispatchThread.pumpEventsForFilter(EventDispatchThread.java:124)
[01:54:28] [AWT-EventQueue-0/INFO]: [STDERR]: 	at java.desktop/java.awt.EventDispatchThread.pumpEventsForHierarchy(EventDispatchThread.java:113)
[01:54:28] [AWT-EventQueue-0/INFO]: [STDERR]: 	at java.desktop/java.awt.EventDispatchThread.pumpEvents(EventDispatchThread.java:109)
[01:54:28] [AWT-EventQueue-0/INFO]: [STDERR]: 	at java.desktop/java.awt.EventDispatchThread.pumpEvents(EventDispatchThread.java:101)
[01:54:28] [AWT-EventQueue-0/INFO]: [STDERR]: 	at java.desktop/java.awt.EventDispatchThread.run(EventDispatchThread.java:90)
[01:54:28] [Server thread/INFO]: Starting minecraft server version 1.20.4
[01:54:28] [Server thread/WARN]: ****************************
[01:54:28] [Server thread/WARN]: YOU ARE RUNNING THIS SERVER AS AN ADMINISTRATIVE OR ROOT USER. THIS IS NOT ADVISED.
[01:54:28] [Server thread/WARN]: YOU ARE OPENING YOURSELF UP TO POTENTIAL RISKS WHEN DOING THIS.
[01:54:28] [Server thread/WARN]: FOR MORE INFORMATION, SEE https://madelinemiller.dev/blog/root-minecraft-server/
[01:54:28] [Server thread/WARN]: ****************************
[01:54:28] [Server thread/INFO]: Loading properties
[01:54:29] [Server thread/INFO]: This server is running Paper version git-Paper-485 (MC: 1.20.4) (Implementing API version 1.20.4-R0.1-SNAPSHOT) (Git: 862299b)
[01:54:31] [Server thread/INFO]: Server Ping Player Sample Count: 12
[01:54:31] [Server thread/INFO]: Using 4 threads for Netty based IO
[01:54:31] [Server thread/WARN]: [!] The timings profiler has been enabled but has been scheduled for removal from Paper in the future.
    We recommend installing the spark profiler as a replacement: https://spark.lucko.me/
    For more information please visit: https://github.com/PaperMC/Paper/issues/8948
[01:54:31] [Server thread/INFO]: [ChunkTaskScheduler] Chunk system is using 1 I/O threads, 1 worker threads, and gen parallelism of 1 threads
[01:54:32] [Server thread/INFO]: Default game type: SURVIVAL
[01:54:32] [Server thread/INFO]: Generating keypair
[01:54:32] [Server thread/INFO]: Starting Minecraft server on *:25565
[01:54:32] [Server thread/INFO]: Using default channel type
[01:54:32] [Server thread/INFO]: Paper: Using Java compression from Velocity.
[01:54:32] [Server thread/INFO]: Paper: Using Java cipher from Velocity.
[01:54:34] [Server thread/INFO]: [ProtocolLib] Loading server plugin ProtocolLib v5.2.1-SNAPSHOT-685
[01:54:38] [Server thread/INFO]: [FastAsyncWorldEdit] Loading server plugin FastAsyncWorldEdit v2.9.3-SNAPSHOT-741;a366122
[01:54:39] [Server thread/INFO]: Got request to register class com.sk89q.worldedit.bukkit.BukkitServerInterface with WorldEdit [com.sk89q.worldedit.extension.platform.PlatformManager@38669e7d]
[01:54:39] [Server thread/INFO]: [AuthMe] Loading server plugin AuthMe v5.6.0-beta2-b2453
[01:54:39] [Server thread/INFO]: [SuperLobby] Loading server plugin SuperLobby v4.7.4
[01:54:39] [Server thread/INFO]: [DriveBackupV2] Loading server plugin DriveBackupV2 v1.6.3
[01:54:39] [Server thread/INFO]: [CoreProtect] Loading server plugin CoreProtect v22.2
[01:54:39] [Server thread/INFO]: [AuthMeVelocity] Loading server plugin AuthMeVelocity v4.1.1
[01:54:39] [Server thread/INFO]: Server permissions file permissions.yml is empty, ignoring it
[01:54:39] [Server thread/INFO]: [ProtocolLib] Enabling ProtocolLib v5.2.1-SNAPSHOT-685
[01:54:40] [Server thread/INFO]: [FastAsyncWorldEdit] Enabling FastAsyncWorldEdit v2.9.3-SNAPSHOT-741;a366122
[01:54:40] [Server thread/INFO]: [com.fastasyncworldedit.core.Fawe] LZ4 Compression Binding loaded successfully
[01:54:40] [Server thread/INFO]: [com.fastasyncworldedit.core.Fawe] ZSTD Compression Binding loaded successfully
[01:54:40] [Server thread/INFO]: Registering commands with com.sk89q.worldedit.bukkit.BukkitServerInterface
[01:54:40] [Server thread/INFO]: WEPIF: Using the Bukkit Permissions API.
[01:54:41] [Server thread/INFO]: Using com.sk89q.worldedit.bukkit.adapter.impl.fawe.v1_20_R3.PaperweightFaweAdapter as the Bukkit adapter
[01:54:42] [Server thread/WARN]: **** SERVER IS RUNNING IN OFFLINE/INSECURE MODE!
[01:54:42] [Server thread/WARN]: The server will make no attempt to authenticate usernames. Beware.
[01:54:42] [Server thread/WARN]: While this makes the game possible to play without internet access, it also opens up the ability for hackers to connect with any username they choose.
[01:54:42] [Server thread/WARN]: To change this, set "online-mode" to "true" in the server.properties file.
[01:54:42] [Server thread/INFO]: Preparing level "world"
[01:54:43] [Server thread/INFO]: Preparing start region for dimension minecraft:overworld
[01:54:43] [Server thread/INFO]: Time elapsed: 350 ms
[01:54:43] [Server thread/INFO]: Preparing start region for dimension minecraft:the_nether
[01:54:43] [Server thread/INFO]: Time elapsed: 247 ms
[01:54:43] [Server thread/INFO]: Preparing start region for dimension minecraft:the_end
[01:54:44] [Server thread/INFO]: Time elapsed: 41 ms
[01:54:44] [Server thread/INFO]: [AuthMe] Enabling AuthMe v5.6.0-beta2-b2453
[01:54:44] [Server thread/INFO]: [AuthMe] SQLite Setup finished
[01:54:44] [Server thread/INFO]: [AuthMe] No supported permissions system found! Permissions are disabled!
[01:54:45] [Server thread/INFO]: [AuthMe] AuthMe 5.6.0-beta2 build n.2453 successfully enabled!
[01:54:45] [Server thread/INFO]: [SuperLobby] Enabling SuperLobby v4.7.4
[01:54:45] [Server thread/INFO]: -=-=-=-=-=-=-=-=-=-=-=-=-=-=-=-=-=-=-=-=-=-=-=-=-=-=-=
[01:54:45] [Server thread/INFO]: [SuperLobby] [STDOUT]    _____                       _           _     _           
[01:54:45] [Server thread/WARN]: Nag author(s): '[PedroJM96, PedroJM96]' of 'SuperLobby v4.7.4' about their usage of System.out/err.print. Please use your plugin's logger instead (JavaPlugin#getLogger).
[01:54:45] [Server thread/INFO]: [SuperLobby] [STDOUT]   / ____|                     | |         | |   | |          
[01:54:45] [Server thread/INFO]: [SuperLobby] [STDOUT]  | (___  _   _ _ __   ___ _ __| |     ___ | |__ | |__  _   _ 
[01:54:45] [Server thread/INFO]: [SuperLobby] [STDOUT]   \___ \| | | | '_ \ / _ \ '__| |    / _ \| '_ \| '_ \| | | |
[01:54:45] [Server thread/INFO]: [SuperLobby] [STDOUT]   ____) | |_| | |_) |  __/ |  | |___| (_) | |_) | |_) | |_| |
[01:54:45] [Server thread/INFO]: [SuperLobby] [STDOUT]  |_____/ \__,_| .__/ \___|_|  |______\___/|_.__/|_.__/ \__, |
[01:54:45] [Server thread/INFO]: [SuperLobby] [STDOUT]               | |                                       __/ |
[01:54:45] [Server thread/INFO]: [SuperLobby] [STDOUT]               |_|                                      |___/ 
[01:54:45] [Server thread/INFO]: [SuperLobby] [STDOUT]     
[01:54:45] [Server thread/INFO]: -=-=-=-=-=-=-=-=-=-=-=-=-=-=-=-=-=-=-=-=-=-=-=-=-=-=-=
[01:54:45] [Server thread/INFO]: [SuperLobby] Deluxe Version: V4.7.4
[01:54:45] [Server thread/INFO]: [SuperLobby] Plugin Create by PedroJM96.
[01:54:45] [Server thread/INFO]: [SuperLobby] Loading Libraries...
[01:54:45] [Server thread/INFO]: [SuperLobby] Downloading librarie commons-lang-commons-lang-2.6
[01:54:46] [Server thread/INFO]: [SuperLobby] Librarie 'commons-lang-commons-lang-2.6' successfully downloaded.
[01:54:46] [Server thread/INFO]: [SuperLobby] commons-lang-commons-lang-2.6 library loaded successfully.
[01:54:46] [Server thread/INFO]: [SuperLobby] Downloading librarie commons-codec-commons-codec-1.15
[01:54:46] [Server thread/INFO]: [SuperLobby] Librarie 'commons-codec-commons-codec-1.15' successfully downloaded.
[01:54:46] [Server thread/INFO]: [SuperLobby] commons-codec-commons-codec-1.15 library loaded successfully.
[01:54:46] [Server thread/INFO]: [SuperLobby] Downloading librarie com.google.code.gson-gson-2.9.0
[01:54:46] [Server thread/INFO]: [SuperLobby] Librarie 'com.google.code.gson-gson-2.9.0' successfully downloaded.
[01:54:46] [Server thread/INFO]: [SuperLobby] com.google.code.gson-gson-2.9.0 library loaded successfully.
[01:54:47] [Thread-7/WARN]: [com.fastasyncworldedit.core.util.UpdateNotification] An update for FastAsyncWorldEdit is available. You are 14 build(s) out of date.
You are running build 741, the latest version is build 755.
Update at https://www.spigotmc.org/resources/13932/
[01:54:47] [Server thread/INFO]: [SuperLobby] Loading configuration...
[01:54:47] [Server thread/INFO]: [SuperLobby] The config.yml file does not exist yet.
[01:54:47] [Server thread/INFO]: [SuperLobby] Creating and loading file config.yml.
[01:54:47] [Server thread/INFO]: [SuperLobby] config.yml  create.
[01:54:47] [Server thread/INFO]: [SuperLobby] The messages_EN.yml file does not exist yet.
[01:54:47] [Server thread/INFO]: [SuperLobby] Creating and loading file messages_EN.yml.
[01:54:47] [Server thread/INFO]: [SuperLobby] messages_EN.yml  create.
[01:54:47] [Server thread/INFO]: [SuperLobby] The spawn.yml file does not exist yet.
[01:54:47] [Server thread/INFO]: [SuperLobby] Creating and loading file spawn.yml.
[01:54:47] [Server thread/INFO]: [SuperLobby] spawn.yml  create.
[01:54:48] [Server thread/INFO]: [SuperLobby] The chat.yml file does not exist yet.
[01:54:48] [Server thread/INFO]: [SuperLobby] Creating and loading file chat.yml.
[01:54:48] [Server thread/INFO]: [SuperLobby] chat.yml  create.
[01:54:48] [Server thread/INFO]: [SuperLobby] The infocommands.yml file does not exist yet.
[01:54:48] [Server thread/INFO]: [SuperLobby] Creating and loading file infocommands.yml.
[01:54:48] [Server thread/INFO]: [SuperLobby] infocommands.yml  create.
[01:54:48] [Server thread/INFO]: [SuperLobby] Register info command /info
[01:54:48] [Server thread/INFO]: [SuperLobby] Register info command /youtubers
[01:54:48] [Server thread/INFO]: [SuperLobby] Register info command /socialpages
[01:54:48] [Server thread/INFO]: [SuperLobby] Register info command /rewards
[01:54:48] [Server thread/INFO]: [SuperLobby] Register info command /rules
[01:54:48] [Server thread/INFO]: [SuperLobby] Register info command /help
[01:54:48] [Server thread/INFO]: [SuperLobby] The customevents.yml file does not exist yet.
[01:54:48] [Server thread/INFO]: [SuperLobby] Creating and loading file customevents.yml.
[01:54:48] [Server thread/INFO]: [SuperLobby] customevents.yml  create.
[01:54:48] [Server thread/INFO]: [SuperLobby] The items.yml file does not exist yet.
[01:54:48] [Server thread/INFO]: [SuperLobby] Creating and loading file items.yml.
[01:54:48] [Server thread/INFO]: [SuperLobby] items.yml  create.
[01:54:48] [Server thread/INFO]: [SuperLobby] Lobby-Item: The item menu has an invalid item Material: SIGN.
[01:54:48] [Server thread/INFO]: [SuperLobby] The menus.yml file does not exist yet.
[01:54:48] [Server thread/INFO]: [SuperLobby] Creating and loading file menus.yml.
[01:54:48] [Server thread/INFO]: [SuperLobby] menus.yml  create.
[01:54:48] [Server thread/INFO]: [SuperLobby] Register command menu /menu
[01:54:48] [Server thread/INFO]: [SuperLobby] Menu-Item: The item survival has an invalid item Material: GRASS.
[01:54:48] [Server thread/INFO]: [SuperLobby] Register command menu /game
[01:54:48] [Server thread/INFO]: [SuperLobby] Register command menu /profile
[01:54:48] [Server thread/INFO]: [SuperLobby] Register command menu /shop
[01:54:48] [Server thread/INFO]: [SuperLobby] The board.yml file does not exist yet.
[01:54:48] [Server thread/INFO]: [SuperLobby] Creating and loading file board.yml.
[01:54:48] [Server thread/INFO]: [SuperLobby] board.yml  create.
[01:54:48] [Server thread/INFO]: [SuperLobby] The announcer.yml file does not exist yet.
[01:54:48] [Server thread/INFO]: [SuperLobby] Creating and loading file announcer.yml.
[01:54:48] [Server thread/INFO]: [SuperLobby] announcer.yml  create.
[01:54:48] [Server thread/INFO]: [SuperLobby] The firstjoin.yml file does not exist yet.
[01:54:48] [Server thread/INFO]: [SuperLobby] Creating and loading file firstjoin.yml.
[01:54:48] [Server thread/INFO]: [SuperLobby] firstjoin.yml  create.
[01:54:48] [Server thread/INFO]: [SuperLobby] Register commands...
[01:54:48] [Server thread/INFO]: [SuperLobby] Register main command superlobby
[01:54:48] [Server thread/INFO]: [SuperLobby] Register sub-command setspawn
[01:54:48] [Server thread/INFO]: [SuperLobby] Register sub-command setspawnpermission
[01:54:48] [Server thread/INFO]: [SuperLobby] Register sub-command setspawnradius
[01:54:48] [Server thread/INFO]: [SuperLobby] Register sub-command remspawn
[01:54:48] [Server thread/INFO]: [SuperLobby] Register sub-command reload
[01:54:48] [Server thread/INFO]: [SuperLobby] Register sub-command help
[01:54:48] [Server thread/INFO]: [SuperLobby] Register sub-command openmenu
[01:54:48] [Server thread/INFO]: [SuperLobby] Register command  /spawn
[01:54:48] [Server thread/INFO]: [SuperLobby] Achievements are now hidden.
[01:54:48] [Server thread/INFO]: [SuperLobby] A total of 4 menus were loaded.
[01:54:48] [Server thread/INFO]: -=-=-=-=-=-=-=-=-=-=-=-=-=-=-=-=-=-=-=-=-=-=-=-=-=-=-=
[01:54:48] [Server thread/INFO]: [DriveBackupV2] Enabling DriveBackupV2 v1.6.3
[01:54:49] [Server thread/INFO]: [DriveBackupV2] Config loaded!
[01:54:49] [Server thread/INFO]: [DriveBackupV2] Scheduling a backup to run every 60 minutes
[01:54:49] [Server thread/INFO]: [DriveBackupV2] Metrics started
[01:54:49] [Server thread/INFO]: [CoreProtect] Enabling CoreProtect v22.2
[01:54:49] [Server thread/INFO]: [CoreProtect] CoreProtect has been successfully enabled! 
[01:54:49] [Server thread/INFO]: [CoreProtect] Using SQLite for data storage.
[01:54:49] [Server thread/INFO]: --------------------
[01:54:49] [Server thread/INFO]: [CoreProtect] Enjoy CoreProtect? Join our Discord!
[01:54:49] [Server thread/INFO]: [CoreProtect] Discord: www.coreprotect.net/discord/
[01:54:49] [Server thread/INFO]: --------------------
[01:54:49] [Server thread/INFO]: [AuthMeVelocity] Enabling AuthMeVelocity v4.1.1
[01:54:49] [Server thread/INFO]: [AuthMeVelocity] AuthMeVelocity enabled
[01:54:50] [Server thread/INFO]: Running delayed init tasks
[01:54:50] [Server thread/INFO]: [CoreProtect] WorldEdit logging successfully initialized.
[01:54:50] [Server thread/INFO]: Done (21.929s)! For help, type "help"
[01:54:50] [Server thread/INFO]: Timings Reset
[01:54:51] [Craft Scheduler Thread - 3 - AuthMe/INFO]: [AuthMe] Downloading GEO IP database, because the old database is older than 30 days or doesn't exist
[01:54:51] [Craft Scheduler Thread - 3 - AuthMe/WARN]: [AuthMe] No MaxMind credentials found in the configuration file! GeoIp protections will be disabled.
[01:54:51] [Craft Scheduler Thread - 3 - AuthMe/INFO]: [AuthMe] There is no newer GEO IP database uploaded to MaxMind. Using the old one for now.
[01:54:51] [Craft Scheduler Thread - 0 - DriveBackupV2/INFO]: [DriveBackupV2] Checking for updates...
[01:54:51] [Craft Scheduler Thread - 3 - AuthMe/WARN]: [AuthMe] Could not download GeoLiteAPI database [FileNotFoundException]: plugins\AuthMe\GeoLite2-Country.mmdb (The system cannot find the file specified)
[02:04:22] [Server thread/INFO]: Stopping server
[02:04:22] [Server thread/INFO]: [AuthMeVelocity] Disabling AuthMeVelocity v4.1.1
[02:04:22] [Server thread/INFO]: [AuthMeVelocity] AuthMeVelocity disabled
[02:04:22] [Server thread/INFO]: [CoreProtect] Disabling CoreProtect v22.2
[02:04:22] [Server thread/INFO]: [CoreProtect] Finishing up data logging. Please wait...
[02:04:22] [Server thread/INFO]: [CoreProtect] Success! Disabled CoreProtect v22.2
[02:04:22] [Server thread/INFO]: [DriveBackupV2] Disabling DriveBackupV2 v1.6.3
[02:04:22] [Server thread/INFO]: [DriveBackupV2] Stopping plugin!
[02:04:22] [Server thread/INFO]: [SuperLobby] Disabling SuperLobby v4.7.4
[02:04:22] [Server thread/INFO]: [AuthMe] Disabling AuthMe v5.6.0-beta2-b2453
[02:04:22] [Server thread/INFO]: [AuthMe] Waiting for 0 tasks to finish
[02:04:22] [Server thread/INFO]: [AuthMe] AuthMe 5.6.0-beta2-b2453 disabled!
[02:04:22] [Server thread/INFO]: [FastAsyncWorldEdit] Disabling FastAsyncWorldEdit v2.9.3-SNAPSHOT-741;a366122
[02:04:22] [Server thread/INFO]: Unregistering com.sk89q.worldedit.bukkit.BukkitServerInterface from WorldEdit
[02:04:22] [Server thread/INFO]: [ProtocolLib] Disabling ProtocolLib v5.2.1-SNAPSHOT-685
[02:04:22] [Server thread/INFO]: Saving players
[02:04:22] [Server thread/INFO]: Saving worlds
[02:04:22] [Server thread/INFO]: Saving chunks for level 'ServerLevel[world]'/minecraft:overworld
[02:04:22] [Server thread/INFO]: [ChunkHolderManager] Waiting 60s for chunk system to halt for world 'world'
[02:04:22] [Server thread/INFO]: [ChunkHolderManager] Halted chunk system for world 'world'
[02:04:22] [Server thread/INFO]: [ChunkHolderManager] Saving all chunkholders for world 'world'
[02:04:23] [Server thread/INFO]: [ChunkHolderManager] Saved 0 block chunks, 7 entity chunks, 0 poi chunks in world 'world' in 0.04s
[02:04:23] [Server thread/INFO]: ThreadedAnvilChunkStorage (world): All chunks are saved
[02:04:23] [Server thread/INFO]: Saving chunks for level 'ServerLevel[world_nether]'/minecraft:the_nether
[02:04:23] [Server thread/INFO]: [ChunkHolderManager] Waiting 60s for chunk system to halt for world 'world_nether'
[02:04:23] [Server thread/INFO]: [ChunkHolderManager] Halted chunk system for world 'world_nether'
[02:04:23] [Server thread/INFO]: [ChunkHolderManager] Saving all chunkholders for world 'world_nether'
[02:04:23] [Server thread/INFO]: [ChunkHolderManager] Saved 0 block chunks, 11 entity chunks, 0 poi chunks in world 'world_nether' in 0.10s
[02:04:23] [Server thread/INFO]: ThreadedAnvilChunkStorage (DIM-1): All chunks are saved
[02:04:23] [Server thread/INFO]: Saving chunks for level 'ServerLevel[world_the_end]'/minecraft:the_end
[02:04:23] [Server thread/INFO]: [ChunkHolderManager] Waiting 60s for chunk system to halt for world 'world_the_end'
[02:04:23] [Server thread/INFO]: [ChunkHolderManager] Halted chunk system for world 'world_the_end'
[02:04:23] [Server thread/INFO]: [ChunkHolderManager] Saving all chunkholders for world 'world_the_end'
[02:04:23] [Server thread/INFO]: [ChunkHolderManager] Saved 1 block chunks, 0 entity chunks, 0 poi chunks in world 'world_the_end' in 0.02s
[02:04:23] [Server thread/INFO]: ThreadedAnvilChunkStorage (DIM1): All chunks are saved
[02:04:23] [Server thread/INFO]: ThreadedAnvilChunkStorage: All dimensions are saved
[02:04:23] [Server thread/INFO]: Flushing Chunk IO
[02:04:23] [Server thread/INFO]: Closing Thread Pool
[02:04:23] [Server thread/INFO]: Closing Server
