[23:27:25] [main/INFO] [com.velocitypowered.proxy.VelocityServer]: Booting up Velocity 3.3.0-SNAPSHOT (git-9e42049a-b376)...
[23:27:25] [main/INFO] [com.velocitypowered.proxy.VelocityServer]: Loading localizations...
[23:27:26] [main/INFO] [com.velocitypowered.proxy.network.ConnectionManager]: Connections will use NIO channels, Java compression, Java ciphers
[23:27:26] [main/WARN] [com.velocitypowered.proxy.config.VelocityConfiguration]: Player info forwarding is disabled! All players will appear to be connecting from the proxy and will have offline-mode UUIDs.
[23:27:26] [main/INFO] [com.velocitypowered.proxy.VelocityServer]: Loading plugins...
[23:27:26] [main/INFO] [com.velocitypowered.proxy.VelocityServer]: Loaded 0 plugins
[23:27:27] [main/INFO] [com.velocitypowered.proxy.Metrics]: Velocity and some of its plugins collect metrics and send them to bStats (https://bStats.org).
[23:27:27] [main/INFO] [com.velocitypowered.proxy.Metrics]: bStats collects some basic information for plugin authors, like how many people use
[23:27:27] [main/INFO] [com.velocitypowered.proxy.Metrics]: their plugin and their total player count. It's recommended to keep bStats enabled, but
[23:27:27] [main/INFO] [com.velocitypowered.proxy.Metrics]: if you're not comfortable with this, you can opt-out by editing the config.txt file in
[23:27:27] [main/INFO] [com.velocitypowered.proxy.Metrics]: the '/plugins/bStats/' folder and setting enabled to false.
[23:27:27] [main/INFO] [com.velocitypowered.proxy.Velocity]: Done (2.66s)!
[23:27:27] [main/ERROR] [TerminalConsole]: Failed to read console input
java.io.IOException: The handle is invalid
	at java.base/java.io.FileInputStream.readBytes(Native Method) ~[?:?]
	at java.base/java.io.FileInputStream.read(FileInputStream.java:276) ~[?:?]
	at java.base/java.io.BufferedInputStream.read1(BufferedInputStream.java:282) ~[?:?]
	at java.base/java.io.BufferedInputStream.read(BufferedInputStream.java:343) ~[?:?]
	at java.base/sun.nio.cs.StreamDecoder.readBytes(StreamDecoder.java:270) ~[?:?]
	at java.base/sun.nio.cs.StreamDecoder.implRead(StreamDecoder.java:313) ~[?:?]
	at java.base/sun.nio.cs.StreamDecoder.read(StreamDecoder.java:188) ~[?:?]
	at java.base/java.io.InputStreamReader.read(InputStreamReader.java:177) ~[?:?]
	at java.base/java.io.BufferedReader.fill(BufferedReader.java:162) ~[?:?]
	at java.base/java.io.BufferedReader.readLine(BufferedReader.java:329) ~[?:?]
	at java.base/java.io.BufferedReader.readLine(BufferedReader.java:396) ~[?:?]
	at net.minecrell.terminalconsole.SimpleTerminalConsole.readCommands(SimpleTerminalConsole.java:180) ~[velocity-3.3.0-SNAPSHOT-376.jar:3.3.0-SNAPSHOT (git-9e42049a-b376)]
	at net.minecrell.terminalconsole.SimpleTerminalConsole.start(SimpleTerminalConsole.java:143) ~[velocity-3.3.0-SNAPSHOT-376.jar:3.3.0-SNAPSHOT (git-9e42049a-b376)]
	at com.velocitypowered.proxy.Velocity.main(Velocity.java:76) ~[velocity-3.3.0-SNAPSHOT-376.jar:3.3.0-SNAPSHOT (git-9e42049a-b376)]
	Suppressed: java.io.IOException: The handle is invalid
		at java.base/java.io.FileDescriptor.close0(Native Method) ~[?:?]
		at java.base/java.io.FileDescriptor.close(FileDescriptor.java:297) ~[?:?]
		at java.base/java.io.FileInputStream$1.close(FileInputStream.java:459) ~[?:?]
		at java.base/java.io.FileDescriptor.closeAll(FileDescriptor.java:355) ~[?:?]
		at java.base/java.io.FileInputStream.close(FileInputStream.java:457) ~[?:?]
		at java.base/java.io.BufferedInputStream.close(BufferedInputStream.java:481) ~[?:?]
		at java.base/sun.nio.cs.StreamDecoder.implClose(StreamDecoder.java:366) ~[?:?]
		at java.base/sun.nio.cs.StreamDecoder.close(StreamDecoder.java:204) ~[?:?]
		at java.base/java.io.InputStreamReader.close(InputStreamReader.java:192) ~[?:?]
		at java.base/java.io.BufferedReader.close(BufferedReader.java:525) ~[?:?]
		at net.minecrell.terminalconsole.SimpleTerminalConsole.readCommands(SimpleTerminalConsole.java:183) ~[velocity-3.3.0-SNAPSHOT-376.jar:3.3.0-SNAPSHOT (git-9e42049a-b376)]
		at net.minecrell.terminalconsole.SimpleTerminalConsole.start(SimpleTerminalConsole.java:143) ~[velocity-3.3.0-SNAPSHOT-376.jar:3.3.0-SNAPSHOT (git-9e42049a-b376)]
		at com.velocitypowered.proxy.Velocity.main(Velocity.java:76) ~[velocity-3.3.0-SNAPSHOT-376.jar:3.3.0-SNAPSHOT (git-9e42049a-b376)]
[23:27:27] [Netty NIO Boss #0/INFO] [com.velocitypowered.proxy.network.ConnectionManager]: Listening on /[0:0:0:0:0:0:0:0]:25577
